<?xml version="1.0" encoding="utf-8"?><testsuites name="pytest tests"><testsuite name="pytest" errors="0" failures="0" skipped="0" tests="22" time="2.839" timestamp="2026-09-03T16:54:58.242318+00:00" hostname="agent-env-1040e65d-29c7-415b-96b9-8eb1605cc61a"><testcase classname="tests.backend_test.TestBenchmark" name="test_generate_validation_report" time="0.280" /><testcase classname="tests.backend_test.TestBenchmark" name="test_default_size_is_150" time="0.094" /><testcase classname="tests.backend_test.TestSystemStatus" name="test_status" time="0.081" /><testcase classname="tests.backend_test.TestOverview" name="test_metrics" time="0.080" /><testcase classname="tests.backend_test.TestOpportunities" name="test_sorted_and_filtered" time="0.270" /><testcase classname="tests.backend_test.TestEventDetail" name="test_scenario_a_detail" time="0.074" /><testcase classname="tests.backend_test.TestEventDetail" name="test_scenario_d_already_captured" time="0.071" /><testcase classname="tests.backend_test.TestEventDetail" name="test_missing_event_404" time="0.074" /><testcase classname="tests.backend_test.TestRecoveryExecute" name="test_scenario_a_execute_then_idempotent" time="0.137" /><testcase classname="tests.backend_test.TestRecoveryExecute" name="test_scenario_c_policy_block" time="0.072" /><testcase classname="tests.backend_test.TestRecoveryExecute" name="test_scenario_d_already_recovered" time="0.076" /><testcase classname="tests.backend_test.TestRecoveryExecute" name="test_execute_unknown_event_404" time="0.065" /><testcase classname="tests.backend_test.TestRecoveryExecute" name="test_audit_trail_after_execution" time="0.220" /><testcase classname="tests.backend_test.TestRecoveryExecute" name="test_audit_trail_filters" time="0.074" /><testcase classname="tests.backend_test.TestSimulator" name="test_bank_downtime_recommends_wait" time="0.075" /><testcase classname="tests.backend_test.TestSimulator" name="test_high_value_recommends_escalation" time="0.080" /><testcase classname="tests.backend_test.TestExperiments" name="test_comparison" time="0.096" /><testcase classname="tests.backend_test.TestRootCauses" name="test_summary" time="0.086" /><testcase classname="tests.backend_test.TestPolicies" name="test_get_policies" time="0.077" /><testcase classname="tests.backend_test.TestPolicies" name="test_update_and_persist" time="0.363" /><testcase classname="tests.backend_test.TestMisc" name="test_recovery_plans" time="0.077" /><testcase classname="tests.backend_test.TestMisc" name="test_payment_events_pagination_and_filter" time="0.256" /></testsuite></testsuites>