<?xml version="1.0" encoding="utf-8"?><testsuites name="pytest tests"><testsuite name="pytest" errors="0" failures="0" skipped="0" tests="6" time="1.836" timestamp="2026-09-03T16:54:50.455889+00:00" hostname="agent-env-1040e65d-29c7-415b-96b9-8eb1605cc61a"><testcase classname="tests.test_scenario_c_regression" name="test_scenario_c_blocked_by_policy[ESCALATE TO HUMAN]" time="0.564" /><testcase classname="tests.test_scenario_c_regression" name="test_scenario_c_blocked_by_policy[SEND PAYMENT LINK]" time="0.296" /><testcase classname="tests.test_scenario_c_regression" name="test_scenario_c_no_audit_rows_written" time="0.093" /><testcase classname="tests.test_scenario_c_regression" name="test_scenario_a_execute_then_already_recovered" time="0.350" /><testcase classname="tests.test_scenario_c_regression" name="test_scenario_d_already_recovered_no_state_change" time="0.275" /><testcase classname="tests.test_scenario_c_regression" name="test_unknown_event_returns_404" time="0.191" /></testsuite></testsuites>